<?xml version="1.0" encoding="UTF-8"?>
<!-- Generated by org.testng.reporters.JUnitReportReporter -->
<testsuite hostname="luischahua-HP-Z210-Workstation" failures="0" tests="1" name="lab.TaxTest" time="0.001" errors="0" timestamp="2022-04-01T21:23:47 EDT" skipped="0">
  <testcase classname="lab.TaxTest" name="test_validate_country_calculate_tax" time="0.001"/>
</testsuite> <!-- lab.TaxTest -->
