<?xml version="1.0" encoding="UTF-8"?>
<!-- Generated by org.testng.reporters.JUnitReportReporter -->
<testsuite hostname="luischahua-HP-Z210-Workstation" failures="0" tests="2" name="lab.ManageDemandTest" time="0.003" errors="0" timestamp="2022-03-31T22:37:05 EDT" skipped="0">
  <testcase classname="lab.ManageDemandTest" name="test_AllOrdersFromPeru" time="0.000"/>
  <testcase classname="lab.ManageDemandTest" name="test_AllOrdersFromColombia" time="0.003"/>
</testsuite> <!-- lab.ManageDemandTest -->
