<?xml version="1.0" encoding="UTF-8"?>
<!-- Generated by org.testng.reporters.JUnitReportReporter -->
<testsuite hostname="luischahua-HP-Z210-Workstation" failures="0" tests="2" name="lab.ManageDemandTest" time="0.014" errors="0" timestamp="2022-04-01T21:23:47 EDT" skipped="0">
  <testcase classname="lab.ManageDemandTest" name="test_AllOrdersFromColombia" time="0.013"/>
  <testcase classname="lab.ManageDemandTest" name="test_AllOrdersFromPeru" time="0.001"/>
</testsuite> <!-- lab.ManageDemandTest -->
